{"/Users/mtyiu/Development/serverless-image-hash/hash/handler.js":{"path":"/Users/mtyiu/Development/serverless-image-hash/hash/handler.js","s":{"1":1,"2":1,"3":1,"4":3,"5":3,"6":3,"7":3,"8":3,"9":3,"10":3,"11":3,"12":3,"13":3,"14":3,"15":0},"b":{},"f":{"1":3,"2":3,"3":3,"4":0},"fnMap":{"1":{"name":"(anonymous_1)","line":6,"loc":{"start":{"line":6,"column":25},"end":{"line":6,"column":54}}},"2":{"name":"(anonymous_2)","line":14,"loc":{"start":{"line":14,"column":10},"end":{"line":14,"column":26}}},"3":{"name":"(anonymous_3)","line":18,"loc":{"start":{"line":18,"column":12},"end":{"line":18,"column":28}}},"4":{"name":"(anonymous_4)","line":25,"loc":{"start":{"line":25,"column":13},"end":{"line":25,"column":27}}}},"statementMap":{"1":{"start":{"line":3,"column":0},"end":{"line":3,"column":29}},"2":{"start":{"line":4,"column":0},"end":{"line":4,"column":43}},"3":{"start":{"line":6,"column":0},"end":{"line":30,"column":2}},"4":{"start":{"line":7,"column":2},"end":{"line":7,"column":45}},"5":{"start":{"line":8,"column":2},"end":{"line":8,"column":37}},"6":{"start":{"line":9,"column":2},"end":{"line":9,"column":18}},"7":{"start":{"line":10,"column":2},"end":{"line":10,"column":18}},"8":{"start":{"line":13,"column":2},"end":{"line":29,"column":7}},"9":{"start":{"line":15,"column":6},"end":{"line":15,"column":24}},"10":{"start":{"line":16,"column":6},"end":{"line":16,"column":31}},"11":{"start":{"line":17,"column":6},"end":{"line":17,"column":31}},"12":{"start":{"line":19,"column":6},"end":{"line":19,"column":24}},"13":{"start":{"line":20,"column":6},"end":{"line":20,"column":31}},"14":{"start":{"line":21,"column":6},"end":{"line":24,"column":9}},"15":{"start":{"line":26,"column":6},"end":{"line":28,"column":9}}},"branchMap":{}}}